<?xml version="1.0" encoding="UTF-8"?>
<!-- Generated by org.testng.reporters.JUnitReportReporter -->
<testsuite hostname="DESKTOP-556CHLA" failures="0" tests="2" name="testcases.LoginTest" time="17.407" errors="0" timestamp="2021-04-11T01:59:38 IST" skipped="0">
  <testcase classname="testcases.LoginTest" name="loginPageTest" time="7.244"/>
  <system-out/>
  <testcase classname="testcases.LoginTest" name="loginTest" time="10.163"/>
  <system-out/>
</testsuite> <!-- testcases.LoginTest -->
